C:\Program Files\Microsoft Visual Studio\2022\Community\MSBuild\Microsoft\VC\v170\Microsoft.CppBuild.targets(519,5): warning MSB8004: Intermediate Directory does not end with a trailing slash.  This build instance will add the slash as it is required to allow proper evaluation of the Intermediate Directory.
C:\Program Files\Microsoft Visual Studio\2022\Community\MSBuild\Microsoft\VC\v170\Microsoft.CppBuild.targets(1122,5): warning MSB8027: Two or more files with the name of imgui_impl_dx9.cpp will produce outputs to the same location. This can lead to an incorrect build result.  The files involved are vendor\imgui\backends\imgui_impl_dx9.cpp, vendor\imgui\backends\imgui_impl_dx9.cpp.
C:\Program Files\Microsoft Visual Studio\2022\Community\MSBuild\Microsoft\VC\v170\Microsoft.CppBuild.targets(1122,5): warning MSB8027: Two or more files with the name of imgui_impl_win32.cpp will produce outputs to the same location. This can lead to an incorrect build result.  The files involved are vendor\imgui\backends\imgui_impl_win32.cpp, vendor\imgui\backends\imgui_impl_win32.cpp.
C:\Program Files\Microsoft Visual Studio\2022\Community\MSBuild\Microsoft\VC\v170\Microsoft.CppBuild.targets(1122,5): warning MSB8027: Two or more files with the name of imgui.cpp will produce outputs to the same location. This can lead to an incorrect build result.  The files involved are vendor\imgui\imgui.cpp, vendor\imgui\imgui.cpp.
C:\Program Files\Microsoft Visual Studio\2022\Community\MSBuild\Microsoft\VC\v170\Microsoft.CppBuild.targets(1122,5): warning MSB8027: Two or more files with the name of imgui_demo.cpp will produce outputs to the same location. This can lead to an incorrect build result.  The files involved are vendor\imgui\imgui_demo.cpp, vendor\imgui\imgui_demo.cpp.
C:\Program Files\Microsoft Visual Studio\2022\Community\MSBuild\Microsoft\VC\v170\Microsoft.CppBuild.targets(1122,5): warning MSB8027: Two or more files with the name of imgui_draw.cpp will produce outputs to the same location. This can lead to an incorrect build result.  The files involved are vendor\imgui\imgui_draw.cpp, vendor\imgui\imgui_draw.cpp.
C:\Program Files\Microsoft Visual Studio\2022\Community\MSBuild\Microsoft\VC\v170\Microsoft.CppBuild.targets(1122,5): warning MSB8027: Two or more files with the name of imgui_tables.cpp will produce outputs to the same location. This can lead to an incorrect build result.  The files involved are vendor\imgui\imgui_tables.cpp, vendor\imgui\imgui_tables.cpp.
C:\Program Files\Microsoft Visual Studio\2022\Community\MSBuild\Microsoft\VC\v170\Microsoft.CppBuild.targets(1122,5): warning MSB8027: Two or more files with the name of imgui_widgets.cpp will produce outputs to the same location. This can lead to an incorrect build result.  The files involved are vendor\imgui\imgui_widgets.cpp, vendor\imgui\imgui_widgets.cpp.
  dllmain.cpp
x64build\intermediates\imgui_impl_dx9.obj : warning LNK4042: object specified more than once; extras ignored
x64build\intermediates\imgui_impl_win32.obj : warning LNK4042: object specified more than once; extras ignored
x64build\intermediates\imgui.obj : warning LNK4042: object specified more than once; extras ignored
x64build\intermediates\imgui_demo.obj : warning LNK4042: object specified more than once; extras ignored
x64build\intermediates\imgui_draw.obj : warning LNK4042: object specified more than once; extras ignored
x64build\intermediates\imgui_tables.obj : warning LNK4042: object specified more than once; extras ignored
x64build\intermediates\imgui_widgets.obj : warning LNK4042: object specified more than once; extras ignored
  Generating code
  0 of 2544 functions ( 0.0%) were compiled, the rest were copied from previous compilation.
    0 functions were new in current compilation
    0 functions had inline decision re-evaluated but remain unchanged
  Finished generating code
  MemoryHackTemplate.vcxproj -> C:\Users\user\Documents\GitHub\HackTemplate\MemoryHackTemplate\build\MemoryHackTemplate.dll
